{"D:\\workSpace\\FunctionPipeline\\src\\FunctionPipeline.ts": {"path":"D:\\workSpace\\FunctionPipeline\\src\\FunctionPipeline.ts","statementMap":{"0":{"start":{"line":5,"column":0},"end":{"line":5,"column":null}},"1":{"start":{"line":6,"column":12},"end":{"line":6,"column":null}},"2":{"start":{"line":7,"column":12},"end":{"line":7,"column":null}},"3":{"start":{"line":8,"column":12},"end":{"line":8,"column":null}},"4":{"start":{"line":9,"column":12},"end":{"line":9,"column":null}},"5":{"start":{"line":10,"column":12},"end":{"line":10,"column":null}},"6":{"start":{"line":12,"column":12},"end":{"line":14,"column":null}},"7":{"start":{"line":13,"column":8},"end":{"line":13,"column":null}},"8":{"start":{"line":16,"column":12},"end":{"line":18,"column":null}},"9":{"start":{"line":17,"column":8},"end":{"line":17,"column":null}},"10":{"start":{"line":20,"column":11},"end":{"line":31,"column":null}},"11":{"start":{"line":21,"column":8},"end":{"line":29,"column":null}},"12":{"start":{"line":22,"column":12},"end":{"line":25,"column":null}},"13":{"start":{"line":23,"column":16},"end":{"line":23,"column":null}},"14":{"start":{"line":24,"column":16},"end":{"line":24,"column":null}},"15":{"start":{"line":26,"column":12},"end":{"line":26,"column":null}},"16":{"start":{"line":28,"column":12},"end":{"line":28,"column":null}},"17":{"start":{"line":30,"column":8},"end":{"line":30,"column":null}},"18":{"start":{"line":34,"column":12},"end":{"line":62,"column":null}},"19":{"start":{"line":34,"column":4},"end":{"line":34,"column":12}},"20":{"start":{"line":35,"column":8},"end":{"line":61,"column":null}},"21":{"start":{"line":36,"column":12},"end":{"line":38,"column":null}},"22":{"start":{"line":37,"column":16},"end":{"line":37,"column":22}},"23":{"start":{"line":39,"column":12},"end":{"line":59,"column":null}},"24":{"start":{"line":40,"column":16},"end":{"line":40,"column":null}},"25":{"start":{"line":42,"column":16},"end":{"line":58,"column":null}},"26":{"start":{"line":43,"column":36},"end":{"line":43,"column":64}},"27":{"start":{"line":44,"column":20},"end":{"line":44,"column":null}},"28":{"start":{"line":46,"column":20},"end":{"line":48,"column":null}},"29":{"start":{"line":47,"column":24},"end":{"line":47,"column":null}},"30":{"start":{"line":49,"column":23},"end":{"line":58,"column":null}},"31":{"start":{"line":49,"column":69},"end":{"line":49,"column":90}},"32":{"start":{"line":50,"column":36},"end":{"line":50,"column":64}},"33":{"start":{"line":51,"column":20},"end":{"line":51,"column":null}},"34":{"start":{"line":53,"column":20},"end":{"line":55,"column":null}},"35":{"start":{"line":54,"column":24},"end":{"line":54,"column":null}},"36":{"start":{"line":57,"column":20},"end":{"line":57,"column":null}},"37":{"start":{"line":64,"column":11},"end":{"line":86,"column":null}},"38":{"start":{"line":64,"column":4},"end":{"line":64,"column":11}},"39":{"start":{"line":65,"column":8},"end":{"line":67,"column":null}},"40":{"start":{"line":66,"column":12},"end":{"line":66,"column":null}},"41":{"start":{"line":68,"column":8},"end":{"line":68,"column":null}},"42":{"start":{"line":68,"column":50},"end":{"line":68,"column":139}},"43":{"start":{"line":69,"column":8},"end":{"line":85,"column":null}},"44":{"start":{"line":70,"column":12},"end":{"line":81,"column":null}},"45":{"start":{"line":70,"column":57},"end":{"line":70,"column":77}},"46":{"start":{"line":71,"column":16},"end":{"line":80,"column":null}},"47":{"start":{"line":72,"column":32},"end":{"line":72,"column":47}},"48":{"start":{"line":74,"column":20},"end":{"line":79,"column":null}},"49":{"start":{"line":76,"column":24},"end":{"line":76,"column":null}},"50":{"start":{"line":78,"column":24},"end":{"line":78,"column":null}},"51":{"start":{"line":83,"column":12},"end":{"line":83,"column":null}},"52":{"start":{"line":87,"column":0},"end":{"line":87,"column":null}},"53":{"start":{"line":89,"column":0},"end":{"line":89,"column":null}}},"fnMap":{"0":{"name":"(anonymous_0)","decl":{"start":{"line":5,"column":0},"end":{"line":5,"column":null}},"loc":{"start":{"line":5,"column":0},"end":{"line":87,"column":null}}},"1":{"name":"(anonymous_2)","decl":{"start":{"line":12,"column":4},"end":{"line":12,"column":12}},"loc":{"start":{"line":12,"column":30},"end":{"line":14,"column":5}}},"2":{"name":"(anonymous_3)","decl":{"start":{"line":16,"column":4},"end":{"line":16,"column":12}},"loc":{"start":{"line":16,"column":37},"end":{"line":18,"column":5}}},"3":{"name":"(anonymous_4)","decl":{"start":{"line":20,"column":4},"end":{"line":20,"column":11}},"loc":{"start":{"line":20,"column":57},"end":{"line":31,"column":5}}},"4":{"name":"(anonymous_5)","decl":{"start":{"line":34,"column":4},"end":{"line":34,"column":12}},"loc":{"start":{"line":34,"column":54},"end":{"line":62,"column":5}}},"5":{"name":"(anonymous_6)","decl":{"start":{"line":35,"column":26},"end":{"line":35,"column":27}},"loc":{"start":{"line":35,"column":44},"end":{"line":61,"column":9}}},"6":{"name":"(anonymous_7)","decl":{"start":{"line":46,"column":30},"end":{"line":46,"column":37}},"loc":{"start":{"line":46,"column":37},"end":{"line":48,"column":21}}},"7":{"name":"(anonymous_8)","decl":{"start":{"line":49,"column":61},"end":{"line":49,"column":65}},"loc":{"start":{"line":49,"column":65},"end":{"line":49,"column":73}}},"8":{"name":"(anonymous_9)","decl":{"start":{"line":53,"column":43},"end":{"line":53,"column":50}},"loc":{"start":{"line":53,"column":50},"end":{"line":55,"column":21}}},"9":{"name":"(anonymous_10)","decl":{"start":{"line":64,"column":4},"end":{"line":64,"column":11}},"loc":{"start":{"line":64,"column":26},"end":{"line":86,"column":5}}},"10":{"name":"(anonymous_11)","decl":{"start":{"line":68,"column":42},"end":{"line":68,"column":46}},"loc":{"start":{"line":68,"column":46},"end":{"line":68,"column":51}}},"11":{"name":"(anonymous_12)","decl":{"start":{"line":70,"column":42},"end":{"line":70,"column":53}},"loc":{"start":{"line":70,"column":53},"end":{"line":70,"column":68}}},"12":{"name":"(anonymous_13)","decl":{"start":{"line":70,"column":84},"end":{"line":70,"column":85}},"loc":{"start":{"line":70,"column":100},"end":{"line":81,"column":13}}}},"branchMap":{"0":{"loc":{"start":{"line":13,"column":15},"end":{"line":13,"column":44}},"type":"binary-expr","locations":[{"start":{"line":13,"column":15},"end":{"line":13,"column":18}},{"start":{"line":13,"column":22},"end":{"line":13,"column":44}}]},"1":{"loc":{"start":{"line":17,"column":15},"end":{"line":17,"column":103}},"type":"binary-expr","locations":[{"start":{"line":17,"column":15},"end":{"line":17,"column":18}},{"start":{"line":17,"column":22},"end":{"line":17,"column":79}},{"start":{"line":17,"column":83},"end":{"line":17,"column":103}}]},"2":{"loc":{"start":{"line":21,"column":8},"end":{"line":29,"column":null}},"type":"if","locations":[{"start":{"line":21,"column":8},"end":{"line":29,"column":null}},{"start":{"line":27,"column":15},"end":{"line":29,"column":null}}]},"3":{"loc":{"start":{"line":21,"column":12},"end":{"line":21,"column":66}},"type":"binary-expr","locations":[{"start":{"line":21,"column":12},"end":{"line":21,"column":30}},{"start":{"line":21,"column":34},"end":{"line":21,"column":66}}]},"4":{"loc":{"start":{"line":22,"column":12},"end":{"line":25,"column":null}},"type":"if","locations":[{"start":{"line":22,"column":12},"end":{"line":25,"column":null}}]},"5":{"loc":{"start":{"line":22,"column":16},"end":{"line":22,"column":55}},"type":"binary-expr","locations":[{"start":{"line":22,"column":16},"end":{"line":22,"column":36}},{"start":{"line":22,"column":40},"end":{"line":22,"column":55}}]},"6":{"loc":{"start":{"line":26,"column":31},"end":{"line":26,"column":101}},"type":"cond-expr","locations":[{"start":{"line":26,"column":52},"end":{"line":26,"column":81}},{"start":{"line":26,"column":84},"end":{"line":26,"column":101}}]},"7":{"loc":{"start":{"line":36,"column":12},"end":{"line":38,"column":null}},"type":"if","locations":[{"start":{"line":36,"column":12},"end":{"line":38,"column":null}}]},"8":{"loc":{"start":{"line":39,"column":12},"end":{"line":59,"column":null}},"type":"if","locations":[{"start":{"line":39,"column":12},"end":{"line":59,"column":null}},{"start":{"line":41,"column":19},"end":{"line":59,"column":null}}]},"9":{"loc":{"start":{"line":42,"column":16},"end":{"line":58,"column":null}},"type":"if","locations":[{"start":{"line":42,"column":16},"end":{"line":58,"column":null}},{"start":{"line":49,"column":23},"end":{"line":58,"column":null}}]},"10":{"loc":{"start":{"line":49,"column":23},"end":{"line":58,"column":null}},"type":"if","locations":[{"start":{"line":49,"column":23},"end":{"line":58,"column":null}},{"start":{"line":56,"column":23},"end":{"line":58,"column":null}}]},"11":{"loc":{"start":{"line":49,"column":27},"end":{"line":49,"column":90}},"type":"binary-expr","locations":[{"start":{"line":49,"column":27},"end":{"line":49,"column":46}},{"start":{"line":49,"column":50},"end":{"line":49,"column":90}}]},"12":{"loc":{"start":{"line":65,"column":8},"end":{"line":67,"column":null}},"type":"if","locations":[{"start":{"line":65,"column":8},"end":{"line":67,"column":null}}]},"13":{"loc":{"start":{"line":68,"column":61},"end":{"line":68,"column":136}},"type":"cond-expr","locations":[{"start":{"line":68,"column":85},"end":{"line":68,"column":121}},{"start":{"line":68,"column":124},"end":{"line":68,"column":136}}]},"14":{"loc":{"start":{"line":69,"column":8},"end":{"line":85,"column":null}},"type":"if","locations":[{"start":{"line":69,"column":8},"end":{"line":85,"column":null}},{"start":{"line":82,"column":15},"end":{"line":85,"column":null}}]},"15":{"loc":{"start":{"line":74,"column":20},"end":{"line":79,"column":null}},"type":"if","locations":[{"start":{"line":74,"column":20},"end":{"line":79,"column":null}},{"start":{"line":77,"column":27},"end":{"line":79,"column":null}}]}},"s":{"0":0,"1":0,"2":0,"3":0,"4":0,"5":0,"6":0,"7":0,"8":0,"9":0,"10":0,"11":0,"12":0,"13":0,"14":0,"15":0,"16":0,"17":0,"18":0,"19":0,"20":0,"21":0,"22":0,"23":0,"24":0,"25":0,"26":0,"27":0,"28":0,"29":0,"30":0,"31":0,"32":0,"33":0,"34":0,"35":0,"36":0,"37":0,"38":0,"39":0,"40":0,"41":0,"42":0,"43":0,"44":0,"45":0,"46":0,"47":0,"48":0,"49":0,"50":0,"51":0,"52":0,"53":0},"f":{"0":0,"1":0,"2":0,"3":0,"4":0,"5":0,"6":0,"7":0,"8":0,"9":0,"10":0,"11":0,"12":0},"b":{"0":[0,0],"1":[0,0,0],"2":[0,0],"3":[0,0],"4":[0],"5":[0,0],"6":[0,0],"7":[0],"8":[0,0],"9":[0,0],"10":[0,0],"11":[0,0],"12":[0],"13":[0,0],"14":[0,0],"15":[0,0]}}
,"D:\\workSpace\\FunctionPipeline\\src\\index.ts": {"path":"D:\\workSpace\\FunctionPipeline\\src\\index.ts","statementMap":{"0":{"start":{"line":1,"column":0},"end":{"line":1,"column":7}},"1":{"start":{"line":4,"column":8},"end":{"line":1,"column":50}},"2":{"start":{"line":2,"column":0},"end":{"line":2,"column":7}},"3":{"start":{"line":4,"column":26},"end":{"line":2,"column":90}}},"fnMap":{},"branchMap":{},"s":{"0":0,"1":0,"2":0,"3":0},"f":{},"b":{}}
,"D:\\workSpace\\FunctionPipeline\\src\\transformClassToFunctionPipeline.ts": {"path":"D:\\workSpace\\FunctionPipeline\\src\\transformClassToFunctionPipeline.ts","statementMap":{"0":{"start":{"line":1,"column":0},"end":{"line":1,"column":37}},"1":{"start":{"line":11,"column":0},"end":{"line":11,"column":null}},"2":{"start":{"line":12,"column":4},"end":{"line":12,"column":null}},"3":{"start":{"line":13,"column":4},"end":{"line":13,"column":null}},"4":{"start":{"line":17,"column":21},"end":{"line":17,"column":30}},"5":{"start":{"line":18,"column":22},"end":{"line":18,"column":47}},"6":{"start":{"line":19,"column":22},"end":{"line":19,"column":70}},"7":{"start":{"line":20,"column":4},"end":{"line":20,"column":null}},"8":{"start":{"line":20,"column":51},"end":{"line":20,"column":116}},"9":{"start":{"line":21,"column":22},"end":{"line":21,"column":31}},"10":{"start":{"line":27,"column":4},"end":{"line":31,"column":null}},"11":{"start":{"line":28,"column":26},"end":{"line":28,"column":53}},"12":{"start":{"line":29,"column":8},"end":{"line":29,"column":null}},"13":{"start":{"line":30,"column":8},"end":{"line":30,"column":null}},"14":{"start":{"line":37,"column":4},"end":{"line":37,"column":null}},"15":{"start":{"line":38,"column":4},"end":{"line":40,"column":null}},"16":{"start":{"line":39,"column":8},"end":{"line":39,"column":null}},"17":{"start":{"line":41,"column":4},"end":{"line":55,"column":null}},"18":{"start":{"line":42,"column":8},"end":{"line":54,"column":null}},"19":{"start":{"line":43,"column":12},"end":{"line":43,"column":null}},"20":{"start":{"line":45,"column":12},"end":{"line":53,"column":null}},"21":{"start":{"line":46,"column":28},"end":{"line":46,"column":65}},"22":{"start":{"line":47,"column":46},"end":{"line":47,"column":182}},"23":{"start":{"line":49,"column":16},"end":{"line":51,"column":null}},"24":{"start":{"line":50,"column":20},"end":{"line":50,"column":null}},"25":{"start":{"line":50,"column":50},"end":{"line":50,"column":109}},"26":{"start":{"line":52,"column":16},"end":{"line":52,"column":null}},"27":{"start":{"line":56,"column":4},"end":{"line":56,"column":null}},"28":{"start":{"line":16,"column":0},"end":{"line":16,"column":24}}},"fnMap":{"0":{"name":"(anonymous_0)","decl":{"start":{"line":11,"column":0},"end":{"line":11,"column":5}},"loc":{"start":{"line":11,"column":15},"end":{"line":14,"column":1}}},"1":{"name":"createFunctionPipelineByClass","decl":{"start":{"line":16,"column":24},"end":{"line":16,"column":53}},"loc":{"start":{"line":16,"column":103},"end":{"line":57,"column":1}}},"2":{"name":"(anonymous_2)","decl":{"start":{"line":20,"column":37},"end":{"line":20,"column":47}},"loc":{"start":{"line":20,"column":47},"end":{"line":20,"column":52}}},"3":{"name":"(anonymous_3)","decl":{"start":{"line":38,"column":31},"end":{"line":38,"column":32}},"loc":{"start":{"line":38,"column":35},"end":{"line":40,"column":5}}},"4":{"name":"(anonymous_4)","decl":{"start":{"line":41,"column":24},"end":{"line":41,"column":25}},"loc":{"start":{"line":41,"column":35},"end":{"line":55,"column":5}}},"5":{"name":"(anonymous_5)","decl":{"start":{"line":45,"column":43},"end":{"line":45,"column":44}},"loc":{"start":{"line":45,"column":54},"end":{"line":53,"column":13}}},"6":{"name":"(anonymous_6)","decl":{"start":{"line":50,"column":29},"end":{"line":50,"column":30}},"loc":{"start":{"line":50,"column":45},"end":{"line":50,"column":55}}}},"branchMap":{"0":{"loc":{"start":{"line":11,"column":5},"end":{"line":11,"column":null}},"type":"binary-expr","locations":[{"start":{"line":11,"column":5},"end":{"line":11,"column":15}},{"start":{"line":11,"column":5},"end":{"line":11,"column":null}}]},"1":{"loc":{"start":{"line":27,"column":4},"end":{"line":31,"column":null}},"type":"if","locations":[{"start":{"line":27,"column":4},"end":{"line":31,"column":null}}]},"2":{"loc":{"start":{"line":42,"column":8},"end":{"line":54,"column":null}},"type":"if","locations":[{"start":{"line":42,"column":8},"end":{"line":54,"column":null}},{"start":{"line":44,"column":15},"end":{"line":54,"column":null}}]},"3":{"loc":{"start":{"line":42,"column":12},"end":{"line":42,"column":99}},"type":"binary-expr","locations":[{"start":{"line":42,"column":12},"end":{"line":42,"column":38}},{"start":{"line":42,"column":42},"end":{"line":42,"column":99}}]},"4":{"loc":{"start":{"line":47,"column":46},"end":{"line":47,"column":182}},"type":"binary-expr","locations":[{"start":{"line":47,"column":47},"end":{"line":47,"column":73}},{"start":{"line":47,"column":77},"end":{"line":47,"column":134}},{"start":{"line":47,"column":140},"end":{"line":47,"column":181}}]},"5":{"loc":{"start":{"line":49,"column":16},"end":{"line":51,"column":null}},"type":"if","locations":[{"start":{"line":49,"column":16},"end":{"line":51,"column":null}}]},"6":{"loc":{"start":{"line":49,"column":20},"end":{"line":49,"column":53}},"type":"binary-expr","locations":[{"start":{"line":49,"column":20},"end":{"line":49,"column":41}},{"start":{"line":49,"column":45},"end":{"line":49,"column":53}}]}},"s":{"0":0,"1":0,"2":0,"3":0,"4":0,"5":0,"6":0,"7":0,"8":0,"9":0,"10":0,"11":0,"12":0,"13":0,"14":0,"15":0,"16":0,"17":0,"18":0,"19":0,"20":0,"21":0,"22":0,"23":0,"24":0,"25":0,"26":0,"27":0,"28":0},"f":{"0":0,"1":0,"2":0,"3":0,"4":0,"5":0,"6":0},"b":{"0":[0,0],"1":[0],"2":[0,0],"3":[0,0],"4":[0,0,0],"5":[0],"6":[0,0]}}
}
